<?xml version="1.0" encoding="UTF-8"?>
<!-- Generated by org.testng.reporters.JUnitReportReporter -->
<testsuite hostname="DESKTOP-E2R78HD" failures="0" tests="3" name="seltestng1.CrossBrowser" time="54.465" errors="0" timestamp="2023-06-04T19:09:35 IST" skipped="0">
  <testcase classname="seltestng1.CrossBrowser" name="petStoreTC1" time="17.574"/>
  <testcase classname="seltestng1.CrossBrowser" name="petStoreTC1" time="18.143"/>
  <testcase classname="seltestng1.CrossBrowser" name="petStoreTC1" time="18.748"/>
</testsuite> <!-- seltestng1.CrossBrowser -->
